<?xml version="1.0" encoding="UTF-8"?>
<!-- Generated by org.testng.reporters.JUnitReportReporter -->
<testsuite skipped="0" hostname="DESKTOP-P630F23" name="com.test.genrics.trial" tests="4" failures="0" timestamp="10 Dec 2018 07:34:09 GMT" time="0.020" errors="0">
  <testcase name="login" time="0.004" classname="com.test.genrics.trial"/>
  <testcase name="login" time="0.012" classname="com.test.genrics.trial"/>
  <testcase name="login" time="0.001" classname="com.test.genrics.trial"/>
  <testcase name="login" time="0.003" classname="com.test.genrics.trial"/>
</testsuite> <!-- com.test.genrics.trial -->
