<?xml version="1.0" encoding="UTF-8"?>
<!-- Generated by org.testng.reporters.JUnitReportReporter -->
<testsuite skipped="0" hostname="DESKTOP-P630F23" name="com.test.testcases.Createuser" tests="1" failures="0" timestamp="13 Dec 2018 18:22:22 GMT" time="46.594" errors="0">
  <testcase name="Testcreateuser" time="46.594" classname="com.test.testcases.Createuser"/>
</testsuite> <!-- com.test.testcases.Createuser -->
