<?xml version="1.0" encoding="UTF-8"?>
<!-- Generated by org.testng.reporters.JUnitReportReporter -->
<testsuite skipped="0" hostname="DESKTOP-P630F23" name="com.test.testcases.Userlogin" tests="1" failures="0" timestamp="13 Dec 2018 17:20:48 GMT" time="34.850" errors="0">
  <testcase name="Testuserlogin" time="34.850" classname="com.test.testcases.Userlogin"/>
</testsuite> <!-- com.test.testcases.Userlogin -->
