<?xml version="1.0" encoding="UTF-8"?>
<!-- Generated by org.testng.reporters.JUnitReportReporter -->
<testsuite skipped="0" hostname="DESKTOP-P630F23" name="com.test.testcases.Test1" tests="1" failures="0" timestamp="13 Dec 2018 07:37:34 GMT" time="45.554" errors="0">
  <testcase name="testmethod" time="45.554" classname="com.test.testcases.Test1"/>
</testsuite> <!-- com.test.testcases.Test1 -->
